<?xml version="1.0" encoding="UTF-8"?>
<!-- Generated by org.testng.reporters.JUnitReportReporter -->
<testsuite skipped="0" hostname="LAPTOP-PL09ISKD" name="selenium.selenium.TestCRM" tests="1" failures="0" timestamp="2020-06-06T16:43:58 IST" time="17.925" errors="0">
  <testcase name="login" time="17.925" classname="selenium.selenium.TestCRM"/>
  <system-out/>
</testsuite> <!-- selenium.selenium.TestCRM -->
